[2023-06-11 17:56:43,472] 14 root - INFO - Data Ingestion has started
[2023-06-11 17:56:43,472] 25 root - INFO - Entered into the data ingestion method
[2023-06-11 17:56:43,725] 29 root - INFO - Read the dataset as dataframe
[2023-06-11 17:56:43,728] 32 root - INFO - Make a directory for training data
[2023-06-11 17:56:44,228] 35 root - INFO - Save that dataframe into a csv file name as [data.csv] into the artifacts directory
[2023-06-11 17:56:44,229] 37 root - INFO - Train Test Split initiated
[2023-06-11 17:56:44,714] 41 root - INFO - Save the train data as a csv file into artifacts folder
[2023-06-11 17:56:44,800] 44 root - INFO - Save the test data as csv file into artifacts folder
[2023-06-11 17:56:44,800] 46 root - INFO - Ingestion of the data has been completed
[2023-06-11 17:56:44,802] 16 root - INFO - Get the train and test data
[2023-06-11 17:56:44,802] 19 root - INFO - Data transformation has started
[2023-06-11 17:56:44,968] 148 root - INFO - Read train and test data completed
[2023-06-11 17:56:44,968] 150 root - INFO - Check if there is any feature which consist 0 standard deviation or not
[2023-06-11 17:56:45,007] 154 root - INFO - Check if there is any feature  consist duplicate value or not or not
[2023-06-11 17:56:45,049] 158 root - INFO - Feature Transformation has been strated to transform the important featrue into one feature
[2023-06-11 17:56:45,073] 124 root - INFO - Categorical columns: ['SEX', 'EDUCATION', 'MARRIAGE']
[2023-06-11 17:56:45,073] 125 root - INFO - Numerical columns: ['LIMIT_BAL', 'AGE', 'PAY_1', 'PAY_2', 'PAY_3', 'PAY_4', 'PAY_5', 'PAY_6', 'TOTAL_BILL_AMT', 'TOTAL_PAY_AMT']
[2023-06-11 17:56:45,073] 136 root - INFO - Pipeline for numerical and categorical completed
[2023-06-11 17:56:45,073] 163 root - INFO - Obtaining preprocessing object
[2023-06-11 17:56:45,074] 169 root - INFO - Gettting the X train dataframe consist all the features
[2023-06-11 17:56:45,075] 172 root - INFO - Gettting the y train dataframe consist the label
[2023-06-11 17:56:45,075] 176 root - INFO - Gettting the X test dataframe consist all the features
[2023-06-11 17:56:45,075] 179 root - INFO - Gettting the y test dataframe consist the label
[2023-06-11 17:56:45,075] 181 root - INFO - Applying preprocessing object on training dataframe and testing dataframe.
[2023-06-11 17:56:45,125] 193 root - INFO - Saved preprocessing object.
[2023-06-11 17:56:45,159] 21 root - INFO - Get the train and test array for model building
[2023-06-11 17:56:45,159] 24 root - INFO - Model Trainer has started
[2023-06-11 17:56:45,159] 34 root - INFO - Split training and test input data
[2023-06-11 17:57:29,705] 112 root - INFO - Best Model found on both training and testing dataset > GradientBoostingClassifier()
[2023-06-11 17:57:29,927] 26 root - INFO - Get the Accuray Score and confution Matrix of Best Model
