[2023-06-11 17:09:12,089] 14 root - INFO - Data Ingestion has started
[2023-06-11 17:09:12,089] 25 root - INFO - Entered into the data ingestion method
[2023-06-11 17:09:12,237] 29 root - INFO - Read the dataset as dataframe
[2023-06-11 17:09:12,239] 32 root - INFO - Make a directory for training data
[2023-06-11 17:09:12,668] 35 root - INFO - Save that dataframe into a csv file name as [data.csv] into the artifacts directory
[2023-06-11 17:09:12,669] 37 root - INFO - Train Test Split initiated
[2023-06-11 17:09:13,168] 41 root - INFO - Save the train data as a csv file into artifacts folder
[2023-06-11 17:09:13,360] 44 root - INFO - Save the test data as csv file into artifacts folder
[2023-06-11 17:09:13,360] 46 root - INFO - Ingestion of the data has been completed
[2023-06-11 17:09:13,361] 16 root - INFO - Get the train and test data
[2023-06-11 17:09:13,362] 19 root - INFO - Data transformation has started
[2023-06-11 17:09:13,482] 148 root - INFO - Read train and test data completed
[2023-06-11 17:09:13,482] 150 root - INFO - Check if there is any feature which consist 0 standard deviation or not
[2023-06-11 17:09:13,496] 154 root - INFO - Check if there is any feature  consist duplicate value or not or not
[2023-06-11 17:09:13,548] 158 root - INFO - Feature Transformation has been strated to transform the important featrue into one feature
[2023-06-11 17:09:13,561] 124 root - INFO - Categorical columns: ['SEX', 'EDUCATION', 'MARRIAGE']
[2023-06-11 17:09:13,562] 125 root - INFO - Numerical columns: ['LIMIT_BAL', 'AGE', 'PAY_1', 'PAY_2', 'PAY_3', 'PAY_4', 'PAY_5', 'PAY_6', 'TOTAL_BILL_AMT', 'TOTAL_PAY_AMT']
[2023-06-11 17:09:13,562] 136 root - INFO - Pipeline for numerical and categorical completed
[2023-06-11 17:09:13,562] 163 root - INFO - Obtaining preprocessing object
[2023-06-11 17:09:13,564] 169 root - INFO - Gettting the X train dataframe consist all the features
[2023-06-11 17:09:13,564] 172 root - INFO - Gettting the y train dataframe consist the label
[2023-06-11 17:09:13,566] 176 root - INFO - Gettting the X test dataframe consist all the features
[2023-06-11 17:09:13,566] 179 root - INFO - Gettting the y test dataframe consist the label
[2023-06-11 17:09:13,566] 181 root - INFO - Applying preprocessing object on training dataframe and testing dataframe.
[2023-06-11 17:09:13,656] 193 root - INFO - Saved preprocessing object.
[2023-06-11 17:09:13,682] 21 root - INFO - Get the train and test array for model building
[2023-06-11 17:09:13,682] 24 root - INFO - Model Trainer has started
[2023-06-11 17:09:13,682] 34 root - INFO - Split training and test input data
